

Ubuntu 22.04.3 LTS optiplex ttyUSB0

optiplex login: pi

Password: 
Welcome to Ubuntu 22.04.3 LTS (GNU/Linux 6.2.0-26-generic x86_64)

 * Documentation:  https://help.ubuntu.com
 * Management:     https://landscape.canonical.com
 * Support:        https://ubuntu.com/advantage

扩展安全维护（ESM）Applications 未启用。

0 更新可以立即应用。

50 个额外的安全更新可以通过 ESM Apps 来获取安装。
可通过以下途径了解如何启用 ESM Apps：at https://ubuntu.com/esm

Failed to connect to https://changelogs.ubuntu.com/meta-release-lts. Check your Internet connection or proxy settings



██████╗░██╗░░░██╗███████╗███████╗ 

██╔══██╗██║░░░██║██╔════╝██╔════╝ 

██████╔╝██║░░░██║█████╗░░█████╗░░ 

██╔══██╗██║░░░██║██╔══╝░░██╔══╝░░ 

██║░░██║╚██████╔╝██║░░░░░██║░░░░░ 

╚═╝░░╚═╝░╚═════╝░╚═╝░░░░░╚═╝░░░░░ 

Last login: 四 8月 10 15:53:59 CST 2023 on ttyUSB0
[?2004hpi@optiplex:~$ 
[?2004l
[?2004hpi@optiplex:~$ 